#
# A fatal error has been detected by the Java Runtime Environment:
#
#  EXCEPTION_ACCESS_VIOLATION (0xc0000005) at pc=0x50648598, pid=5524, tid=5336
#
# JRE version: Java(TM) SE Runtime Environment (8.0-b128) (build 1.8.0-b128)
# Java VM: Java HotSpot(TM) Client VM (25.0-b69 mixed mode windows-x86 )
# Problematic frame:
# V  [jvm.dll+0x98598]
#
# Failed to write core dump. Minidumps are not enabled by default on client versions of Windows
#
# If you would like to submit a bug report, please visit:
#   http://bugreport.sun.com/bugreport/crash.jsp
#

---------------  T H R E A D  ---------------

Current thread (0x01ec9c00):  VMThread [stack: 0x03f70000,0x03fc0000] [id=5336]

siginfo: ExceptionCode=0xc0000005, reading address 0x00000004

Registers:
EAX=0x00000000, EBX=0x03fbf09c, ECX=0x00000000, EDX=0x3ffffffe
ESP=0x03fbf050, EBP=0x03fbf078, ESI=0x1b54acb0, EDI=0x1b54b1b8
EIP=0x50648598, EFLAGS=0x00010293

Top of Stack: (sp=0x03fbf050)
0x03fbf050:   01dd5d08 03fbf09c 00000001 01dd5d08
0x03fbf060:   1ebc3738 1b54ac78 1b54acb0 1b05b4b0
0x03fbf070:   00000000 1b272a30 03fbf08c 5063d8f2
0x03fbf080:   03fbf09c 01dd0aa0 01dd0aa0 03fbf0a8
0x03fbf090:   5063c3dc 03fbf09c 01dd0aa0 01dd5be8
0x03fbf0a0:   01dd5d08 1b272c00 03fbf194 5063f22b
0x03fbf0b0:   01ec7a88 01e45d90 01dd5be8 50868320
0x03fbf0c0:   01dd0100 01e45d90 00000001 d5ab5580 

Instructions: (pc=0x50648598)
0x50648578:   8b 01 8b 90 ac 00 00 00 53 57 56 ff d2 8d 34 be
0x50648588:   89 45 fc 89 75 f0 e9 e8 00 00 00 8b fe 8b 4f 04
0x50648598:   8b 41 04 85 c0 7e 09 a8 01 75 33 c1 f8 02 eb 36
0x506485a8:   79 2c 8b 5f 08 8b 15 6c b1 8e 50 8b c8 83 e1 3f 


Register to memory mapping:

EAX=0x00000000 is an unknown value
EBX=0x03fbf09c is an unknown value
ECX=0x00000000 is an unknown value
EDX=0x3ffffffe is an unallocated location in the heap
ESP=0x03fbf050 is an unknown value
EBP=0x03fbf078 is an unknown value
ESI=
[error occurred during error reporting (printing register info), id 0xc0000005]

Stack: [0x03f70000,0x03fc0000],  sp=0x03fbf050,  free space=316k
Native frames: (J=compiled Java code, j=interpreted, Vv=VM code, C=native code)
V  [jvm.dll+0x98598]
V  [jvm.dll+0x8d8f2]
V  [jvm.dll+0x8c3dc]
V  [jvm.dll+0x8f22b]
V  [jvm.dll+0x8e08f]
V  [jvm.dll+0x99272]
V  [jvm.dll+0x8cbe3]
V  [jvm.dll+0x872a3]
V  [jvm.dll+0x1a04e6]
V  [jvm.dll+0x169ebb]
V  [jvm.dll+0x169291]
V  [jvm.dll+0x1696a7]
V  [jvm.dll+0x1698a2]
V  [jvm.dll+0x1a90b6]
C  [msvcr100.dll+0x5c556]
C  [msvcr100.dll+0x5c600]
C  [KERNEL32.DLL+0x18e94]
C  [ntdll.dll+0x5e972]
C  [ntdll.dll+0x5e941]

VM_Operation (0x4b72dd24): GenCollectForAllocation, mode: safepoint, requested by thread 0x46f11400


---------------  P R O C E S S  ---------------

Java Threads: ( => current thread )
  0x45411c00 JavaThread "Cache worker for Java compile cache (C:\Users\MYPC\AndroidStudioProjects\Agroman\.gradle\4.1\javaCompile)" [_thread_blocked, id=8832, stack(0x4b910000,0x4b960000)]
  0x46f11400 JavaThread "Task worker for ':'" [_thread_blocked, id=6736, stack(0x4b6e0000,0x4b730000)]
  0x46f10c00 JavaThread "Cache worker for task history cache (C:\Users\MYPC\AndroidStudioProjects\Agroman\.gradle\4.1\taskHistory)" [_thread_blocked, id=9812, stack(0x4b690000,0x4b6e0000)]
  0x46f0a400 JavaThread "Cache worker for file content cache (C:\Users\MYPC\AndroidStudioProjects\Agroman\.gradle\4.1\fileContent)" [_thread_blocked, id=6684, stack(0x4b640000,0x4b690000)]
  0x46f10800 JavaThread "build operations Thread 2" [_thread_blocked, id=5824, stack(0x4b5f0000,0x4b640000)]
  0x46f0fc00 JavaThread "build operations" [_thread_blocked, id=464, stack(0x4b5a0000,0x4b5f0000)]
  0x46f0dc00 JavaThread "Cache worker for Artifact transforms cache (C:\Users\MYPC\.gradle\caches\transforms-1)" [_thread_blocked, id=4024, stack(0x4b550000,0x4b5a0000)]
  0x46f10000 JavaThread "Cache worker for file hash cache (C:\Users\MYPC\AndroidStudioProjects\Agroman\.gradle\4.1\fileHashes)" [_thread_blocked, id=5740, stack(0x4b500000,0x4b550000)]
  0x46f0f400 JavaThread "Stdin handler" [_thread_blocked, id=2300, stack(0x4b4b0000,0x4b500000)]
  0x46f0ec00 JavaThread "Asynchronous log dispatcher for DefaultDaemonConnection: socket connection from /127.0.0.1:55639 to /127.0.0.1:56377" [_thread_blocked, id=7700, stack(0x4b460000,0x4b4b0000)]
  0x46f0e800 JavaThread "Daemon worker Thread 2" [_thread_blocked, id=9960, stack(0x4b410000,0x4b460000)]
  0x46f0d400 JavaThread "Cancel handler" [_thread_blocked, id=3116, stack(0x4b3c0000,0x4b410000)]
  0x46f0bc00 JavaThread "Handler for socket connection from /127.0.0.1:55639 to /127.0.0.1:56377" [_thread_in_native, id=6124, stack(0x4b370000,0x4b3c0000)]
  0x46f0b400 JavaThread "Daemon Thread 2" [_thread_blocked, id=4748, stack(0x4b320000,0x4b370000)]
  0x46f0e000 JavaThread "Memory manager" [_thread_blocked, id=5364, stack(0x48710000,0x48760000)]
  0x46f0b000 JavaThread "pool-1-thread-1" [_thread_blocked, id=7816, stack(0x485c0000,0x48610000)]
  0x45340400 JavaThread "File lock request listener" [_thread_in_native, id=9632, stack(0x46660000,0x466b0000)]
  0x452fe000 JavaThread "Cache worker for file hash cache (C:\Users\MYPC\.gradle\caches\4.1\fileHashes)" [_thread_blocked, id=7824, stack(0x46610000,0x46660000)]
  0x45214c00 JavaThread "Daemon periodic checks" [_thread_blocked, id=6456, stack(0x461e0000,0x46230000)]
  0x4520fc00 JavaThread "Incoming local TCP Connector on port 55639" [_thread_in_native, id=9588, stack(0x45d90000,0x45de0000)]
  0x4516bc00 JavaThread "Daemon health stats" [_thread_blocked, id=3464, stack(0x45900000,0x45950000)]
  0x4484a400 JavaThread "Service Thread" daemon [_thread_blocked, id=6492, stack(0x44b60000,0x44bb0000)]
  0x44859000 JavaThread "C1 CompilerThread0" daemon [_thread_blocked, id=4580, stack(0x44b10000,0x44b60000)]
  0x44857800 JavaThread "Attach Listener" daemon [_thread_blocked, id=5268, stack(0x44ac0000,0x44b10000)]
  0x44855800 JavaThread "Signal Dispatcher" daemon [_thread_blocked, id=4376, stack(0x44a70000,0x44ac0000)]
  0x01ece800 JavaThread "Finalizer" daemon [_thread_blocked, id=5116, stack(0x44a20000,0x44a70000)]
  0x01ecc000 JavaThread "Reference Handler" daemon [_thread_blocked, id=5272, stack(0x447d0000,0x44820000)]
  0x01dcbc00 JavaThread "main" [_thread_blocked, id=4252, stack(0x01d40000,0x01d90000)]

Other Threads:
=>0x01ec9c00 VMThread [stack: 0x03f70000,0x03fc0000] [id=5336]
  0x4484d800 WatcherThread [stack: 0x44bb0000,0x44c00000] [id=8268]

VM state:at safepoint (normal execution)

VM Mutex/Monitor currently owned by a thread:  ([mutex/lock_event])
[0x01dca450] Threads_lock - owner thread: 0x01ec9c00
[0x01dcab28] Heap_lock - owner thread: 0x46f11400

Heap:
 def new generation   total 38528K, used 4224K [0x04000000, 0x069c0000, 0x19550000)
  eden space 34304K,   0% used [0x04000000, 0x04000000, 0x06180000)
  from space 4224K, 100% used [0x065a0000, 0x069c0000, 0x069c0000)
  to   space 4224K,   0% used [0x06180000, 0x06180000, 0x065a0000)
 tenured generation   total 88576K, used 88525K [0x19550000, 0x1ebd0000, 0x44000000)
   the space 88576K,  99% used [0x19550000, 0x1ebc3738, 0x1b272c00, 0x1ebd0000)
 Metaspace       used 42213K, capacity 43478K, committed 43904K, reserved 44416K

Card table byte_map: [0x44000000,0x44210000] byte_map_base: 0x43fe0000

Polling page: 0x01d90000

CodeCache: size=32768Kb used=10162Kb max_used=10162Kb free=22605Kb
 bounds [0x01ef0000, 0x028e0000, 0x03ef0000]
 total_blobs=6182 nmethods=5716 adapters=396
 compilation: enabled

Compilation events (10 events):
Event: 5679.390 Thread 0x44859000 5722             com.sun.tools.javac.file.ZipFileIndex::get4ByteLittleEndian (47 bytes)
Event: 5679.390 Thread 0x44859000 nmethod 5722 0x028dc048 code [0x028dc140, 0x028dc220]
Event: 5679.390 Thread 0x44859000 5723             com.sun.tools.javac.file.ZipFileIndex::access$400 (6 bytes)
Event: 5679.390 Thread 0x44859000 nmethod 5723 0x028dc2c8 code [0x028dc3c0, 0x028dc470]
Event: 5679.390 Thread 0x44859000 5724             com.sun.tools.javac.file.ZipFileIndex::get2ByteLittleEndian (21 bytes)
Event: 5679.390 Thread 0x44859000 nmethod 5724 0x028dc588 code [0x028dc680, 0x028dc730]
Event: 5679.391 Thread 0x44859000 5725             com.sun.tools.javac.file.RelativePath::hashCode (8 bytes)
Event: 5679.391 Thread 0x44859000 nmethod 5725 0x028dc808 code [0x028dc910, 0x028dc9ac]
Event: 5679.391 Thread 0x44859000 5726             com.sun.tools.javac.file.ZipFileIndex::access$600 (5 bytes)
Event: 5679.391 Thread 0x44859000 nmethod 5726 0x028dca48 code [0x028dcb40, 0x028dcbb0]

GC Heap History (10 events):
Event: 5658.230 GC heap after
Heap after GC invocations=129 (full 6):
 def new generation   total 38528K, used 4224K [0x04000000, 0x069c0000, 0x19550000)
  eden space 34304K,   0% used [0x04000000, 0x04000000, 0x06180000)
  from space 4224K, 100% used [0x06180000, 0x065a0000, 0x065a0000)
  to   space 4224K,   0% used [0x065a0000, 0x065a0000, 0x069c0000)
 tenured generation   total 85240K, used 64048K [0x19550000, 0x1e88e000, 0x44000000)
   the space 85240K,  75% used [0x19550000, 0x1d3dc310, 0x1d3dc400, 0x1e88e000)
 Metaspace       used 39790K, capacity 40994K, committed 41472K, reserved 42368K
}
Event: 5659.377 GC heap before
{Heap before GC invocations=129 (full 6):
 def new generation   total 38528K, used 36671K [0x04000000, 0x069c0000, 0x19550000)
  eden space 34304K,  94% used [0x04000000, 0x05fafd60, 0x06180000)
  from space 4224K, 100% used [0x06180000, 0x065a0000, 0x065a0000)
  to   space 4224K,   0% used [0x065a0000, 0x065a0000, 0x069c0000)
 tenured generation   total 85240K, used 64048K [0x19550000, 0x1e88e000, 0x44000000)
   the space 85240K,  75% used [0x19550000, 0x1d3dc310, 0x1d3dc400, 0x1e88e000)
 Metaspace       used 39795K, capacity 41026K, committed 41472K, reserved 42368K
Event: 5659.428 GC heap after
Heap after GC invocations=130 (full 6):
 def new generation   total 38528K, used 4224K [0x04000000, 0x069c0000, 0x19550000)
  eden space 34304K,   0% used [0x04000000, 0x04000000, 0x06180000)
  from space 4224K, 100% used [0x065a0000, 0x069c0000, 0x069c0000)
  to   space 4224K,   0% used [0x06180000, 0x06180000, 0x065a0000)
 tenured generation   total 85240K, used 72114K [0x19550000, 0x1e88e000, 0x44000000)
   the space 85240K,  84% used [0x19550000, 0x1dbbca68, 0x1dbbcc00, 0x1e88e000)
 Metaspace       used 39795K, capacity 41026K, committed 41472K, reserved 42368K
}
Event: 5672.238 GC heap before
{Heap before GC invocations=130 (full 6):
 def new generation   total 38528K, used 38528K [0x04000000, 0x069c0000, 0x19550000)
  eden space 34304K, 100% used [0x04000000, 0x06180000, 0x06180000)
  from space 4224K, 100% used [0x065a0000, 0x069c0000, 0x069c0000)
  to   space 4224K,   0% used [0x06180000, 0x06180000, 0x065a0000)
 tenured generation   total 85240K, used 72114K [0x19550000, 0x1e88e000, 0x44000000)
   the space 85240K,  84% used [0x19550000, 0x1dbbca68, 0x1dbbcc00, 0x1e88e000)
 Metaspace       used 39812K, capacity 41041K, committed 41472K, reserved 42368K
Event: 5672.262 GC heap after
Heap after GC invocations=131 (full 6):
 def new generation   total 38528K, used 1130K [0x04000000, 0x069c0000, 0x19550000)
  eden space 34304K,   0% used [0x04000000, 0x04000000, 0x06180000)
  from space 4224K,  26% used [0x06180000, 0x0629ab38, 0x065a0000)
  to   space 4224K,   0% used [0x065a0000, 0x065a0000, 0x069c0000)
 tenured generation   total 85240K, used 73509K [0x19550000, 0x1e88e000, 0x44000000)
   the space 85240K,  86% used [0x19550000, 0x1dd19790, 0x1dd19800, 0x1e88e000)
 Metaspace       used 39812K, capacity 41041K, committed 41472K, reserved 42368K
}
Event: 5674.989 GC heap before
{Heap before GC invocations=131 (full 6):
 def new generation   total 38528K, used 35434K [0x04000000, 0x069c0000, 0x19550000)
  eden space 34304K, 100% used [0x04000000, 0x06180000, 0x06180000)
  from space 4224K,  26% used [0x06180000, 0x0629ab38, 0x065a0000)
  to   space 4224K,   0% used [0x065a0000, 0x065a0000, 0x069c0000)
 tenured generation   total 85240K, used 73509K [0x19550000, 0x1e88e000, 0x44000000)
   the space 85240K,  86% used [0x19550000, 0x1dd19790, 0x1dd19800, 0x1e88e000)
 Metaspace       used 39820K, capacity 41043K, committed 41472K, reserved 42368K
Event: 5675.011 GC heap after
Heap after GC invocations=132 (full 6):
 def new generation   total 38528K, used 1596K [0x04000000, 0x069c0000, 0x19550000)
  eden space 34304K,   0% used [0x04000000, 0x04000000, 0x06180000)
  from space 4224K,  37% used [0x065a0000, 0x0672f320, 0x069c0000)
  to   space 4224K,   0% used [0x06180000, 0x06180000, 0x065a0000)
 tenured generation   total 85240K, used 73509K [0x19550000, 0x1e88e000, 0x44000000)
   the space 85240K,  86% used [0x19550000, 0x1dd19790, 0x1dd19800, 0x1e88e000)
 Metaspace       used 39820K, capacity 41043K, committed 41472K, reserved 42368K
}
Event: 5678.607 GC heap before
{Heap before GC invocations=132 (full 6):
 def new generation   total 38528K, used 35898K [0x04000000, 0x069c0000, 0x19550000)
  eden space 34304K,  99% used [0x04000000, 0x0617f828, 0x06180000)
  from space 4224K,  37% used [0x065a0000, 0x0672f320, 0x069c0000)
  to   space 4224K,   0% used [0x06180000, 0x06180000, 0x065a0000)
 tenured generation   total 85240K, used 73509K [0x19550000, 0x1e88e000, 0x44000000)
   the space 85240K,  86% used [0x19550000, 0x1dd19790, 0x1dd19800, 0x1e88e000)
 Metaspace       used 41887K, capacity 43158K, committed 43648K, reserved 44416K
Event: 5678.646 GC heap after
Heap after GC invocations=133 (full 6):
 def new generation   total 38528K, used 4224K [0x04000000, 0x069c0000, 0x19550000)
  eden space 34304K,   0% used [0x04000000, 0x04000000, 0x06180000)
  from space 4224K, 100% used [0x06180000, 0x065a0000, 0x065a0000)
  to   space 4224K,   0% used [0x065a0000, 0x065a0000, 0x069c0000)
 tenured generation   total 85240K, used 79019K [0x19550000, 0x1e88e000, 0x44000000)
   the space 85240K,  92% used [0x19550000, 0x1e27ac58, 0x1e27ae00, 0x1e88e000)
 Metaspace       used 41887K, capacity 43158K, committed 43648K, reserved 44416K
}
Event: 5679.395 GC heap before
{Heap before GC invocations=133 (full 6):
 def new generation   total 38528K, used 38503K [0x04000000, 0x069c0000, 0x19550000)
  eden space 34304K,  99% used [0x04000000, 0x06179eb0, 0x06180000)
  from space 4224K, 100% used [0x06180000, 0x065a0000, 0x065a0000)
  to   space 4224K,   0% used [0x065a0000, 0x065a0000, 0x069c0000)
 tenured generation   total 85240K, used 79019K [0x19550000, 0x1e88e000, 0x44000000)
   the space 85240K,  92% used [0x19550000, 0x1e27ac58, 0x1e27ae00, 0x1e88e000)
 Metaspace       used 42213K, capacity 43478K, committed 43904K, reserved 44416K

Deoptimization events (0 events):
No events

Internal exceptions (10 events):
Event: 5677.062 Thread 0x46f11400 Exception <a 'java/security/PrivilegedActionException'> (0x059ae508) thrown at [D:\re\workspace\8-2-build-windows-i586-cygwin\jdk8\1760\hotspot\src\share\vm\prims\jvm.cpp, line 1248]
Event: 5677.062 Thread 0x46f11400 Exception <a 'java/security/PrivilegedActionException'> (0x059aefc0) thrown at [D:\re\workspace\8-2-build-windows-i586-cygwin\jdk8\1760\hotspot\src\share\vm\prims\jvm.cpp, line 1248]
Event: 5677.087 Thread 0x46f11400 Exception <a 'java/security/PrivilegedActionException'> (0x059b5598) thrown at [D:\re\workspace\8-2-build-windows-i586-cygwin\jdk8\1760\hotspot\src\share\vm\prims\jvm.cpp, line 1248]
Event: 5677.087 Thread 0x46f11400 Exception <a 'java/security/PrivilegedActionException'> (0x059b6458) thrown at [D:\re\workspace\8-2-build-windows-i586-cygwin\jdk8\1760\hotspot\src\share\vm\prims\jvm.cpp, line 1248]
Event: 5677.087 Thread 0x46f11400 Exception <a 'java/security/PrivilegedActionException'> (0x059bdb28) thrown at [D:\re\workspace\8-2-build-windows-i586-cygwin\jdk8\1760\hotspot\src\share\vm\prims\jvm.cpp, line 1248]
Event: 5677.105 Thread 0x46f11400 Exception <a 'java/security/PrivilegedActionException'> (0x059dd5c0) thrown at [D:\re\workspace\8-2-build-windows-i586-cygwin\jdk8\1760\hotspot\src\share\vm\prims\jvm.cpp, line 1248]
Event: 5677.105 Thread 0x46f11400 Exception <a 'java/security/PrivilegedActionException'> (0x059e5c78) thrown at [D:\re\workspace\8-2-build-windows-i586-cygwin\jdk8\1760\hotspot\src\share\vm\prims\jvm.cpp, line 1248]
Event: 5677.105 Thread 0x46f11400 Exception <a 'java/security/PrivilegedActionException'> (0x059eb788) thrown at [D:\re\workspace\8-2-build-windows-i586-cygwin\jdk8\1760\hotspot\src\share\vm\prims\jvm.cpp, line 1248]
Event: 5677.598 Thread 0x46f11400 Exception <a 'java/security/PrivilegedActionException'> (0x05ad22c8) thrown at [D:\re\workspace\8-2-build-windows-i586-cygwin\jdk8\1760\hotspot\src\share\vm\prims\jvm.cpp, line 1248]
Event: 5677.598 Thread 0x46f11400 Exception <a 'java/security/PrivilegedActionException'> (0x05ad3540) thrown at [D:\re\workspace\8-2-build-windows-i586-cygwin\jdk8\1760\hotspot\src\share\vm\prims\jvm.cpp, line 1248]

Events (10 events):
Event: 5679.360 loading class com/sun/tools/javac/file/ZipFileIndex done
Event: 5679.361 loading class java/util/zip/DataFormatException
Event: 5679.383 loading class java/util/zip/DataFormatException done
Event: 5679.384 loading class com/sun/tools/javac/file/ZipFileIndex$ZipDirectory
Event: 5679.384 loading class com/sun/tools/javac/file/ZipFileIndex$ZipDirectory done
Event: 5679.386 loading class com/sun/tools/javac/file/ZipFileIndex$DirectoryEntry
Event: 5679.386 loading class com/sun/tools/javac/file/ZipFileIndex$DirectoryEntry done
Event: 5679.387 loading class com/sun/tools/javac/file/ZipFileIndex$Entry
Event: 5679.387 loading class com/sun/tools/javac/file/ZipFileIndex$Entry done
Event: 5679.394 Executing VM operation: GenCollectForAllocation


Dynamic libraries:
0x00130000 - 0x00160000 	C:\Java\jdk1.8.0\bin\java.exe
0x777a0000 - 0x77925000 	C:\WINDOWS\SYSTEM32\ntdll.dll
0x752d0000 - 0x75366000 	C:\WINDOWS\System32\KERNEL32.DLL
0x74890000 - 0x74a37000 	C:\WINDOWS\System32\KERNELBASE.dll
0x72dd0000 - 0x72e62000 	C:\WINDOWS\system32\apphelp.dll
0x76e90000 - 0x76f07000 	C:\WINDOWS\System32\ADVAPI32.dll
0x75580000 - 0x7563e000 	C:\WINDOWS\System32\msvcrt.dll
0x77310000 - 0x77351000 	C:\WINDOWS\System32\sechost.dll
0x754b0000 - 0x75573000 	C:\WINDOWS\System32\RPCRT4.dll
0x75180000 - 0x752c9000 	C:\WINDOWS\System32\USER32.dll
0x74750000 - 0x74769000 	C:\WINDOWS\System32\win32u.dll
0x77770000 - 0x7779b000 	C:\WINDOWS\System32\GDI32.dll
0x743d0000 - 0x7452a000 	C:\WINDOWS\System32\gdi32full.dll
0x6b330000 - 0x6b53a000 	C:\WINDOWS\WinSxS\x86_microsoft.windows.common-controls_6595b64144ccf1df_6.0.14393.0_none_74bc87d3d22d9abe\COMCTL32.dll
0x76fe0000 - 0x771f1000 	C:\WINDOWS\System32\combase.dll
0x74770000 - 0x74850000 	C:\WINDOWS\System32\ucrtbase.dll
0x74a40000 - 0x74a9a000 	C:\WINDOWS\System32\bcryptPrimitives.dll
0x75150000 - 0x75176000 	C:\WINDOWS\System32\IMM32.DLL
0x50950000 - 0x50a0f000 	C:\Java\jdk1.8.0\jre\bin\msvcr100.dll
0x505b0000 - 0x50946000 	C:\Java\jdk1.8.0\jre\bin\client\jvm.dll
0x76b40000 - 0x76b46000 	C:\WINDOWS\System32\PSAPI.DLL
0x6b320000 - 0x6b328000 	C:\WINDOWS\SYSTEM32\WSOCK32.dll
0x72820000 - 0x72844000 	C:\WINDOWS\SYSTEM32\WINMM.dll
0x76f10000 - 0x76f73000 	C:\WINDOWS\System32\WS2_32.dll
0x727d0000 - 0x727f3000 	C:\WINDOWS\SYSTEM32\WINMMBASE.dll
0x74850000 - 0x74886000 	C:\WINDOWS\System32\cfgmgr32.dll
0x71260000 - 0x7126c000 	C:\Java\jdk1.8.0\jre\bin\verify.dll
0x65290000 - 0x652b1000 	C:\Java\jdk1.8.0\jre\bin\java.dll
0x70f20000 - 0x70f33000 	C:\Java\jdk1.8.0\jre\bin\zip.dll
0x756c0000 - 0x76a97000 	C:\WINDOWS\System32\SHELL32.dll
0x74af0000 - 0x7505e000 	C:\WINDOWS\System32\windows.storage.dll
0x74360000 - 0x743a5000 	C:\WINDOWS\System32\powrprof.dll
0x76db0000 - 0x76df6000 	C:\WINDOWS\System32\shlwapi.dll
0x743c0000 - 0x743cd000 	C:\WINDOWS\System32\kernel.appcore.dll
0x76aa0000 - 0x76b28000 	C:\WINDOWS\System32\shcore.dll
0x743b0000 - 0x743bf000 	C:\WINDOWS\System32\profapi.dll
0x6c8e0000 - 0x6c8f4000 	C:\Java\jdk1.8.0\jre\bin\net.dll
0x73ca0000 - 0x73cf0000 	C:\WINDOWS\system32\mswsock.dll
0x6c8b0000 - 0x6c8bf000 	C:\Java\jdk1.8.0\jre\bin\nio.dll
0x63310000 - 0x63329000 	C:\Users\MYPC\.gradle\native\25\windows-i386\native-platform.dll
0x69700000 - 0x6970a000 	C:\Java\jdk1.8.0\jre\bin\management.dll
0x73ed0000 - 0x73ee3000 	C:\WINDOWS\SYSTEM32\CRYPTSP.dll
0x73df0000 - 0x73e1f000 	C:\WINDOWS\system32\rsaenh.dll
0x742c0000 - 0x742dd000 	C:\WINDOWS\SYSTEM32\bcrypt.dll
0x73b50000 - 0x73b6a000 	C:\WINDOWS\SYSTEM32\USERENV.dll
0x73ec0000 - 0x73eca000 	C:\WINDOWS\SYSTEM32\CRYPTBASE.dll
0x66f50000 - 0x66f62000 	C:\WINDOWS\system32\napinsp.dll
0x66f20000 - 0x66f36000 	C:\WINDOWS\system32\pnrpnsp.dll
0x66f00000 - 0x66f0c000 	C:\WINDOWS\System32\winrnr.dll
0x73ac0000 - 0x73b3c000 	C:\WINDOWS\SYSTEM32\DNSAPI.dll
0x76b30000 - 0x76b37000 	C:\WINDOWS\System32\NSI.dll
0x73a90000 - 0x73abf000 	C:\WINDOWS\SYSTEM32\IPHLPAPI.DLL
0x725c0000 - 0x725d4000 	C:\WINDOWS\system32\NLAapi.dll
0x66d10000 - 0x66d21000 	C:\WINDOWS\System32\wshbth.dll
0x6dd30000 - 0x6dd38000 	C:\Windows\System32\rasadhlp.dll
0x6f2d0000 - 0x6f319000 	C:\WINDOWS\System32\fwpuclnt.dll
0x6f290000 - 0x6f2a3000 	C:\WINDOWS\SYSTEM32\dhcpcsvc6.DLL
0x6f240000 - 0x6f254000 	C:\WINDOWS\SYSTEM32\dhcpcsvc.DLL
0x6cfa0000 - 0x6cfc0000 	C:\Java\jdk1.8.0\jre\bin\sunec.dll
0x73900000 - 0x73928000 	C:\WINDOWS\SYSTEM32\ntmarta.dll
0x6dbe0000 - 0x6dd25000 	C:\WINDOWS\SYSTEM32\dbghelp.dll

VM Arguments:
jvm_args: -Xmx1024m -Dfile.encoding=windows-1252 -Duser.country=IN -Duser.language=en -Duser.variant 
java_command: org.gradle.launcher.daemon.bootstrap.GradleDaemon 4.1
java_class_path (initial): C:\Users\MYPC\.gradle\wrapper\dists\gradle-4.1-all\bzyivzo6n839fup2jbap0tjew\gradle-4.1\lib\gradle-launcher-4.1.jar
Launcher Type: SUN_STANDARD

Environment Variables:
JAVA_HOME=C:\Java\jdk1.8.0
PATH=C:\WINDOWS\system32;C:\WINDOWS;C:\WINDOWS\System32\Wbem;C:\WINDOWS\System32\WindowsPowerShell\v1.0\;C:\Program Files\Common Files\lenovo\easyplussdk\bin;C:\Program Files\Rational\ClearQuest;C:\Java\apache-maven-3.3.9\bin;C:\Java\jdk1.8.0\bin;C:\Program Files\Common Files\Autodesk Shared\;C:\Program Files\nodejs\;C:\Users\MYPC\Desktop\;C:\Users\MYPC\AppData\Roaming\npm;C:\Users\MYPC\AppData\Local\Microsoft\WindowsApps
USERNAME=MYPC
SHELL=C:\PROGRA~1\RATIONAL\RATION~1\NUTCROOT\mksnt\sh.exe
DISPLAY=:0.0
OS=Windows_NT
PROCESSOR_IDENTIFIER=x86 Family 6 Model 42 Stepping 7, GenuineIntel



---------------  S Y S T E M  ---------------

OS: Windows 8.1 Build 9600 

CPU:total 2 (2 cores per cpu, 1 threads per core) family 6 model 42 stepping 7, cmov, cx8, fxsr, mmx, sse, sse2, sse3, ssse3, sse4.1, sse4.2, popcnt, clmul, tsc, tscinvbit

Memory: 4k page, physical 3521956k(480832k free), swap 5705416k(1894088k free)

vm_info: Java HotSpot(TM) Client VM (25.0-b69) for windows-x86 JRE (1.8.0-b128), built on Feb  1 2014 08:41:42 by "java_re" with MS VC++ 10.0 (VS2010)

time: Fri Jan 12 00:40:31 2018
elapsed time: 5680 seconds

